f:\onedrive - staffordshire university\assignment work\semester 2\foggs\project folder\foggsa2\foggsa2\debug\vc142.pdb
f:\onedrive - staffordshire university\assignment work\semester 2\foggs\project folder\foggsa2\foggsa2\debug\vc142.idb
f:\onedrive - staffordshire university\assignment work\semester 2\foggs\project folder\foggsa2\foggsa2\debug\texture2d.obj
f:\onedrive - staffordshire university\assignment work\semester 2\foggs\project folder\foggsa2\foggsa2\debug\sceneobject.obj
f:\onedrive - staffordshire university\assignment work\semester 2\foggs\project folder\foggsa2\foggsa2\debug\pyramid.obj
f:\onedrive - staffordshire university\assignment work\semester 2\foggs\project folder\foggsa2\foggsa2\debug\playership.obj
f:\onedrive - staffordshire university\assignment work\semester 2\foggs\project folder\foggsa2\foggsa2\debug\meshloader.obj
f:\onedrive - staffordshire university\assignment work\semester 2\foggs\project folder\foggsa2\foggsa2\debug\main.obj
f:\onedrive - staffordshire university\assignment work\semester 2\foggs\project folder\foggsa2\foggsa2\debug\linkedlists.obj
f:\onedrive - staffordshire university\assignment work\semester 2\foggs\project folder\foggsa2\foggsa2\debug\level.obj
f:\onedrive - staffordshire university\assignment work\semester 2\foggs\project folder\foggsa2\foggsa2\debug\hellogl.obj
f:\onedrive - staffordshire university\assignment work\semester 2\foggs\project folder\foggsa2\foggsa2\debug\glutcallbacks.obj
f:\onedrive - staffordshire university\assignment work\semester 2\foggs\project folder\foggsa2\foggsa2\debug\debris.obj
f:\onedrive - staffordshire university\assignment work\semester 2\foggs\project folder\foggsa2\foggsa2\debug\cube.obj
f:\onedrive - staffordshire university\assignment work\semester 2\foggs\project folder\foggsa2\foggsa2\debug\corridor.obj
f:\onedrive - staffordshire university\assignment work\semester 2\foggs\project folder\foggsa2\foggsa2\debug\collision.obj
f:\onedrive - staffordshire university\assignment work\semester 2\foggs\project folder\foggsa2\foggsa2\debug\textures.obj
f:\onedrive - staffordshire university\assignment work\semester 2\foggs\project folder\foggsa2\debug\foggsa2.exe
f:\onedrive - staffordshire university\assignment work\semester 2\foggs\project folder\foggsa2\debug\foggsa2.ilk
f:\onedrive - staffordshire university\assignment work\semester 2\foggs\project folder\foggsa2\debug\foggsa2.pdb
f:\onedrive - staffordshire university\assignment work\semester 2\foggs\project folder\foggsa2\foggsa2\debug\foggsa2.tlog\cl.command.1.tlog
f:\onedrive - staffordshire university\assignment work\semester 2\foggs\project folder\foggsa2\foggsa2\debug\foggsa2.tlog\cl.read.1.tlog
f:\onedrive - staffordshire university\assignment work\semester 2\foggs\project folder\foggsa2\foggsa2\debug\foggsa2.tlog\cl.write.1.tlog
f:\onedrive - staffordshire university\assignment work\semester 2\foggs\project folder\foggsa2\foggsa2\debug\foggsa2.tlog\link.command.1.tlog
f:\onedrive - staffordshire university\assignment work\semester 2\foggs\project folder\foggsa2\foggsa2\debug\foggsa2.tlog\link.read.1.tlog
f:\onedrive - staffordshire university\assignment work\semester 2\foggs\project folder\foggsa2\foggsa2\debug\foggsa2.tlog\link.write.1.tlog
