  Cube.cpp
D:\Projects\starship\FOGGSA2\Cube.cpp(73,29): warning C4305: '=': truncation from 'double' to 'float'
D:\Projects\starship\FOGGSA2\Cube.cpp(73,57): warning C4305: '=': truncation from 'double' to 'float'
D:\Projects\starship\FOGGSA2\Cube.cpp(74,29): warning C4305: '=': truncation from 'double' to 'float'
D:\Projects\starship\FOGGSA2\Cube.cpp(74,57): warning C4305: '=': truncation from 'double' to 'float'
D:\Projects\starship\FOGGSA2\Cube.cpp(74,85): warning C4305: '=': truncation from 'double' to 'float'
D:\Projects\starship\FOGGSA2\Cube.cpp(75,30): warning C4305: '=': truncation from 'double' to 'float'
D:\Projects\starship\FOGGSA2\Cube.cpp(75,59): warning C4305: '=': truncation from 'double' to 'float'
D:\Projects\starship\FOGGSA2\Cube.cpp(75,88): warning C4305: '=': truncation from 'double' to 'float'
D:\Projects\starship\FOGGSA2\Cube.cpp(75,117): warning C4305: '=': truncation from 'double' to 'float'
  Level.cpp
D:\Projects\starship\FOGGSA2\Level.h(40,28): warning C4244: 'initializing': conversion from 'float' to 'int', possible loss of data
D:\Projects\starship\FOGGSA2\Level.cpp(62,35): warning C4305: '=': truncation from 'double' to 'float'
D:\Projects\starship\FOGGSA2\Level.cpp(63,34): warning C4305: '=': truncation from 'double' to 'float'
D:\Projects\starship\FOGGSA2\Level.cpp(65,31): warning C4305: '=': truncation from 'double' to 'float'
D:\Projects\starship\FOGGSA2\Level.cpp(66,31): warning C4305: '=': truncation from 'double' to 'float'
D:\Projects\starship\FOGGSA2\Level.cpp(67,31): warning C4305: '=': truncation from 'double' to 'float'
D:\Projects\starship\FOGGSA2\Level.cpp(69,30): warning C4305: '=': truncation from 'double' to 'float'
D:\Projects\starship\FOGGSA2\Level.cpp(70,30): warning C4305: '=': truncation from 'double' to 'float'
D:\Projects\starship\FOGGSA2\Level.cpp(71,30): warning C4305: '=': truncation from 'double' to 'float'
D:\Projects\starship\FOGGSA2\Level.cpp(205,36): warning C4244: '=': conversion from 'double' to 'float', possible loss of data
D:\Projects\starship\FOGGSA2\Level.cpp(206,34): warning C4244: '=': conversion from 'double' to 'float', possible loss of data
  LinkedLists.cpp
  PlayerShip.cpp
  Texture2D.cpp
D:\Projects\starship\FOGGSA2\Texture2D.cpp(40,6): warning C4101: 'ID': unreferenced local variable
D:\Projects\starship\FOGGSA2\Texture2D.cpp(104,6): warning C4101: 'ID': unreferenced local variable
  Generating Code...
  FOGGSA2.vcxproj -> D:\Projects\starship\Debug\FOGGSA2.exe
